Running: C:\Xilinx\14.7\ISE_DS\ISE\bin\nt64\unwrapped\fuse.exe -intstyle ise -incremental -lib unisims_ver -lib unimacro_ver -lib xilinxcorelib_ver -lib secureip -o C:/Users/akabh/assgn3_grp60/Subtracter_64_bitTestBench_isim_beh.exe -prj C:/Users/akabh/assgn3_grp60/Subtracter_64_bitTestBench_beh.prj work.Subtracter_64_bitTestBench work.glbl 
ISim P.20131013 (signature 0x7708f090)
Number of CPUs detected in this system: 8
Turning on mult-threading, number of parallel sub-compilation jobs: 16 
Determining compilation order of HDL files
Analyzing Verilog file "C:/Users/akabh/assgn3_grp60/Half_Adder.v" into library work
Analyzing Verilog file "C:/Users/akabh/assgn3_grp60/Full_Adder.v" into library work
Analyzing Verilog file "C:/Users/akabh/assgn3_grp60/RCA_8_bit.v" into library work
Analyzing Verilog file "C:/Users/akabh/assgn3_grp60/RCA_16_bit.v" into library work
Analyzing Verilog file "C:/Users/akabh/assgn3_grp60/RCA_32_bit.v" into library work
Analyzing Verilog file "C:/Users/akabh/assgn3_grp60/RCA_64_bit.v" into library work
Analyzing Verilog file "C:/Users/akabh/assgn3_grp60/Subtracter_64_bitTestBench.v" into library work
Analyzing Verilog file "C:/Xilinx/14.7/ISE_DS/ISE//verilog/src/glbl.v" into library work
Starting static elaboration
Completed static elaboration
Compiling module Half_Adder
Compiling module Full_Adder
Compiling module RCA_8_bit
Compiling module RCA_16_bit
Compiling module RCA_32_bit
Compiling module RCA_64_bit
Compiling module Subtracter_64_bitTestBench
Compiling module glbl
Time Resolution for simulation is 1ps.
Waiting for 1 sub-compilation(s) to finish...
Compiled 8 Verilog Units
Built simulation executable C:/Users/akabh/assgn3_grp60/Subtracter_64_bitTestBench_isim_beh.exe
Fuse Memory Usage: 28024 KB
Fuse CPU Usage: 312 ms
