--------------------------------------------------------------------------------
Release 14.7 Trace  (nt64)
Copyright (c) 1995-2013 Xilinx, Inc.  All rights reserved.

C:\Xilinx\14.7\ISE_DS\ISE\bin\nt64\unwrapped\trce.exe -intstyle ise -v 3 -s 3
-n 3 -fastpaths -xml RCA_32_bit.twx RCA_32_bit.ncd -o RCA_32_bit.twr
RCA_32_bit.pcf

Design file:              RCA_32_bit.ncd
Physical constraint file: RCA_32_bit.pcf
Device,package,speed:     xc7a100t,csg324,C,-3 (PRODUCTION 1.10 2013-10-13)
Report level:             verbose report

Environment Variable      Effect 
--------------------      ------ 
NONE                      No environment variables were set
--------------------------------------------------------------------------------

INFO:Timing:2698 - No timing constraints found, doing default enumeration.
INFO:Timing:3412 - To improve timing, see the Timing Closure User Guide (UG612).
INFO:Timing:2752 - To get complete path coverage, use the unconstrained paths 
   option. All paths that are not constrained will be reported in the 
   unconstrained paths section(s) of the report.
INFO:Timing:3339 - The clock-to-out numbers in this timing report are based on 
   a 50 Ohm transmission line loading model.  For the details of this model, 
   and for more information on accounting for different loading conditions, 
   please see the device datasheet.



Data Sheet report:
-----------------
All values displayed in nanoseconds (ns)

Pad to Pad
---------------+---------------+---------+
Source Pad     |Destination Pad|  Delay  |
---------------+---------------+---------+
a<0>           |c_out          |   19.396|
a<0>           |s<0>           |    7.456|
a<0>           |s<1>           |    7.350|
a<0>           |s<2>           |    8.221|
a<0>           |s<3>           |    8.164|
a<0>           |s<4>           |    8.877|
a<0>           |s<5>           |    9.014|
a<0>           |s<6>           |    9.425|
a<0>           |s<7>           |    9.685|
a<0>           |s<8>           |   10.627|
a<0>           |s<9>           |   10.604|
a<0>           |s<10>          |   11.361|
a<0>           |s<11>          |   11.166|
a<0>           |s<12>          |   11.780|
a<0>           |s<13>          |   11.998|
a<0>           |s<14>          |   13.048|
a<0>           |s<15>          |   12.291|
a<0>           |s<16>          |   13.341|
a<0>           |s<17>          |   13.745|
a<0>           |s<18>          |   14.857|
a<0>           |s<19>          |   14.598|
a<0>           |s<20>          |   15.697|
a<0>           |s<21>          |   15.985|
a<0>           |s<22>          |   15.951|
a<0>           |s<23>          |   16.447|
a<0>           |s<24>          |   16.897|
a<0>           |s<25>          |   17.342|
a<0>           |s<26>          |   17.784|
a<0>           |s<27>          |   18.286|
a<0>           |s<28>          |   19.063|
a<0>           |s<29>          |   18.767|
a<0>           |s<30>          |   19.505|
a<0>           |s<31>          |   19.429|
a<1>           |c_out          |   19.499|
a<1>           |s<1>           |    7.463|
a<1>           |s<2>           |    8.324|
a<1>           |s<3>           |    8.267|
a<1>           |s<4>           |    8.980|
a<1>           |s<5>           |    9.117|
a<1>           |s<6>           |    9.528|
a<1>           |s<7>           |    9.788|
a<1>           |s<8>           |   10.730|
a<1>           |s<9>           |   10.707|
a<1>           |s<10>          |   11.464|
a<1>           |s<11>          |   11.269|
a<1>           |s<12>          |   11.883|
a<1>           |s<13>          |   12.101|
a<1>           |s<14>          |   13.151|
a<1>           |s<15>          |   12.394|
a<1>           |s<16>          |   13.444|
a<1>           |s<17>          |   13.848|
a<1>           |s<18>          |   14.960|
a<1>           |s<19>          |   14.701|
a<1>           |s<20>          |   15.800|
a<1>           |s<21>          |   16.088|
a<1>           |s<22>          |   16.054|
a<1>           |s<23>          |   16.550|
a<1>           |s<24>          |   17.000|
a<1>           |s<25>          |   17.445|
a<1>           |s<26>          |   17.887|
a<1>           |s<27>          |   18.389|
a<1>           |s<28>          |   19.166|
a<1>           |s<29>          |   18.870|
a<1>           |s<30>          |   19.608|
a<1>           |s<31>          |   19.532|
a<2>           |c_out          |   18.910|
a<2>           |s<2>           |    7.267|
a<2>           |s<3>           |    7.686|
a<2>           |s<4>           |    8.391|
a<2>           |s<5>           |    8.528|
a<2>           |s<6>           |    8.939|
a<2>           |s<7>           |    9.199|
a<2>           |s<8>           |   10.141|
a<2>           |s<9>           |   10.118|
a<2>           |s<10>          |   10.875|
a<2>           |s<11>          |   10.680|
a<2>           |s<12>          |   11.294|
a<2>           |s<13>          |   11.512|
a<2>           |s<14>          |   12.562|
a<2>           |s<15>          |   11.805|
a<2>           |s<16>          |   12.855|
a<2>           |s<17>          |   13.259|
a<2>           |s<18>          |   14.371|
a<2>           |s<19>          |   14.112|
a<2>           |s<20>          |   15.211|
a<2>           |s<21>          |   15.499|
a<2>           |s<22>          |   15.465|
a<2>           |s<23>          |   15.961|
a<2>           |s<24>          |   16.411|
a<2>           |s<25>          |   16.856|
a<2>           |s<26>          |   17.298|
a<2>           |s<27>          |   17.800|
a<2>           |s<28>          |   18.577|
a<2>           |s<29>          |   18.281|
a<2>           |s<30>          |   19.019|
a<2>           |s<31>          |   18.943|
a<3>           |c_out          |   18.724|
a<3>           |s<3>           |    7.486|
a<3>           |s<4>           |    8.205|
a<3>           |s<5>           |    8.342|
a<3>           |s<6>           |    8.753|
a<3>           |s<7>           |    9.013|
a<3>           |s<8>           |    9.955|
a<3>           |s<9>           |    9.932|
a<3>           |s<10>          |   10.689|
a<3>           |s<11>          |   10.494|
a<3>           |s<12>          |   11.108|
a<3>           |s<13>          |   11.326|
a<3>           |s<14>          |   12.376|
a<3>           |s<15>          |   11.619|
a<3>           |s<16>          |   12.669|
a<3>           |s<17>          |   13.073|
a<3>           |s<18>          |   14.185|
a<3>           |s<19>          |   13.926|
a<3>           |s<20>          |   15.025|
a<3>           |s<21>          |   15.313|
a<3>           |s<22>          |   15.279|
a<3>           |s<23>          |   15.775|
a<3>           |s<24>          |   16.225|
a<3>           |s<25>          |   16.670|
a<3>           |s<26>          |   17.112|
a<3>           |s<27>          |   17.614|
a<3>           |s<28>          |   18.391|
a<3>           |s<29>          |   18.095|
a<3>           |s<30>          |   18.833|
a<3>           |s<31>          |   18.757|
a<4>           |c_out          |   17.433|
a<4>           |s<4>           |    7.187|
a<4>           |s<5>           |    7.049|
a<4>           |s<6>           |    7.462|
a<4>           |s<7>           |    7.722|
a<4>           |s<8>           |    8.664|
a<4>           |s<9>           |    8.641|
a<4>           |s<10>          |    9.398|
a<4>           |s<11>          |    9.203|
a<4>           |s<12>          |    9.817|
a<4>           |s<13>          |   10.035|
a<4>           |s<14>          |   11.085|
a<4>           |s<15>          |   10.328|
a<4>           |s<16>          |   11.378|
a<4>           |s<17>          |   11.782|
a<4>           |s<18>          |   12.894|
a<4>           |s<19>          |   12.635|
a<4>           |s<20>          |   13.734|
a<4>           |s<21>          |   14.022|
a<4>           |s<22>          |   13.988|
a<4>           |s<23>          |   14.484|
a<4>           |s<24>          |   14.934|
a<4>           |s<25>          |   15.379|
a<4>           |s<26>          |   15.821|
a<4>           |s<27>          |   16.323|
a<4>           |s<28>          |   17.100|
a<4>           |s<29>          |   16.804|
a<4>           |s<30>          |   17.542|
a<4>           |s<31>          |   17.466|
a<5>           |c_out          |   17.653|
a<5>           |s<5>           |    7.259|
a<5>           |s<6>           |    7.682|
a<5>           |s<7>           |    7.942|
a<5>           |s<8>           |    8.884|
a<5>           |s<9>           |    8.861|
a<5>           |s<10>          |    9.618|
a<5>           |s<11>          |    9.423|
a<5>           |s<12>          |   10.037|
a<5>           |s<13>          |   10.255|
a<5>           |s<14>          |   11.305|
a<5>           |s<15>          |   10.548|
a<5>           |s<16>          |   11.598|
a<5>           |s<17>          |   12.002|
a<5>           |s<18>          |   13.114|
a<5>           |s<19>          |   12.855|
a<5>           |s<20>          |   13.954|
a<5>           |s<21>          |   14.242|
a<5>           |s<22>          |   14.208|
a<5>           |s<23>          |   14.704|
a<5>           |s<24>          |   15.154|
a<5>           |s<25>          |   15.599|
a<5>           |s<26>          |   16.041|
a<5>           |s<27>          |   16.543|
a<5>           |s<28>          |   17.320|
a<5>           |s<29>          |   17.024|
a<5>           |s<30>          |   17.762|
a<5>           |s<31>          |   17.686|
a<6>           |c_out          |   17.164|
a<6>           |s<6>           |    7.589|
a<6>           |s<7>           |    7.457|
a<6>           |s<8>           |    8.395|
a<6>           |s<9>           |    8.372|
a<6>           |s<10>          |    9.129|
a<6>           |s<11>          |    8.934|
a<6>           |s<12>          |    9.548|
a<6>           |s<13>          |    9.766|
a<6>           |s<14>          |   10.816|
a<6>           |s<15>          |   10.059|
a<6>           |s<16>          |   11.109|
a<6>           |s<17>          |   11.513|
a<6>           |s<18>          |   12.625|
a<6>           |s<19>          |   12.366|
a<6>           |s<20>          |   13.465|
a<6>           |s<21>          |   13.753|
a<6>           |s<22>          |   13.719|
a<6>           |s<23>          |   14.215|
a<6>           |s<24>          |   14.665|
a<6>           |s<25>          |   15.110|
a<6>           |s<26>          |   15.552|
a<6>           |s<27>          |   16.054|
a<6>           |s<28>          |   16.831|
a<6>           |s<29>          |   16.535|
a<6>           |s<30>          |   17.273|
a<6>           |s<31>          |   17.197|
a<7>           |c_out          |   17.070|
a<7>           |s<7>           |    7.348|
a<7>           |s<8>           |    8.301|
a<7>           |s<9>           |    8.278|
a<7>           |s<10>          |    9.035|
a<7>           |s<11>          |    8.840|
a<7>           |s<12>          |    9.454|
a<7>           |s<13>          |    9.672|
a<7>           |s<14>          |   10.722|
a<7>           |s<15>          |    9.965|
a<7>           |s<16>          |   11.015|
a<7>           |s<17>          |   11.419|
a<7>           |s<18>          |   12.531|
a<7>           |s<19>          |   12.272|
a<7>           |s<20>          |   13.371|
a<7>           |s<21>          |   13.659|
a<7>           |s<22>          |   13.625|
a<7>           |s<23>          |   14.121|
a<7>           |s<24>          |   14.571|
a<7>           |s<25>          |   15.016|
a<7>           |s<26>          |   15.458|
a<7>           |s<27>          |   15.960|
a<7>           |s<28>          |   16.737|
a<7>           |s<29>          |   16.441|
a<7>           |s<30>          |   17.179|
a<7>           |s<31>          |   17.103|
a<8>           |c_out          |   16.081|
a<8>           |s<8>           |    6.919|
a<8>           |s<9>           |    7.289|
a<8>           |s<10>          |    8.046|
a<8>           |s<11>          |    7.851|
a<8>           |s<12>          |    8.465|
a<8>           |s<13>          |    8.683|
a<8>           |s<14>          |    9.733|
a<8>           |s<15>          |    8.976|
a<8>           |s<16>          |   10.026|
a<8>           |s<17>          |   10.430|
a<8>           |s<18>          |   11.542|
a<8>           |s<19>          |   11.283|
a<8>           |s<20>          |   12.382|
a<8>           |s<21>          |   12.670|
a<8>           |s<22>          |   12.636|
a<8>           |s<23>          |   13.132|
a<8>           |s<24>          |   13.582|
a<8>           |s<25>          |   14.027|
a<8>           |s<26>          |   14.469|
a<8>           |s<27>          |   14.971|
a<8>           |s<28>          |   15.748|
a<8>           |s<29>          |   15.452|
a<8>           |s<30>          |   16.190|
a<8>           |s<31>          |   16.114|
a<9>           |c_out          |   15.763|
a<9>           |s<9>           |    6.958|
a<9>           |s<10>          |    7.728|
a<9>           |s<11>          |    7.533|
a<9>           |s<12>          |    8.147|
a<9>           |s<13>          |    8.365|
a<9>           |s<14>          |    9.415|
a<9>           |s<15>          |    8.658|
a<9>           |s<16>          |    9.708|
a<9>           |s<17>          |   10.112|
a<9>           |s<18>          |   11.224|
a<9>           |s<19>          |   10.965|
a<9>           |s<20>          |   12.064|
a<9>           |s<21>          |   12.352|
a<9>           |s<22>          |   12.318|
a<9>           |s<23>          |   12.814|
a<9>           |s<24>          |   13.264|
a<9>           |s<25>          |   13.709|
a<9>           |s<26>          |   14.151|
a<9>           |s<27>          |   14.653|
a<9>           |s<28>          |   15.430|
a<9>           |s<29>          |   15.134|
a<9>           |s<30>          |   15.872|
a<9>           |s<31>          |   15.796|
a<10>          |c_out          |   15.414|
a<10>          |s<10>          |    7.304|
a<10>          |s<11>          |    7.173|
a<10>          |s<12>          |    7.798|
a<10>          |s<13>          |    8.016|
a<10>          |s<14>          |    9.066|
a<10>          |s<15>          |    8.309|
a<10>          |s<16>          |    9.359|
a<10>          |s<17>          |    9.763|
a<10>          |s<18>          |   10.875|
a<10>          |s<19>          |   10.616|
a<10>          |s<20>          |   11.715|
a<10>          |s<21>          |   12.003|
a<10>          |s<22>          |   11.969|
a<10>          |s<23>          |   12.465|
a<10>          |s<24>          |   12.915|
a<10>          |s<25>          |   13.360|
a<10>          |s<26>          |   13.802|
a<10>          |s<27>          |   14.304|
a<10>          |s<28>          |   15.081|
a<10>          |s<29>          |   14.785|
a<10>          |s<30>          |   15.523|
a<10>          |s<31>          |   15.447|
a<11>          |c_out          |   15.449|
a<11>          |s<11>          |    7.221|
a<11>          |s<12>          |    7.833|
a<11>          |s<13>          |    8.051|
a<11>          |s<14>          |    9.101|
a<11>          |s<15>          |    8.344|
a<11>          |s<16>          |    9.394|
a<11>          |s<17>          |    9.798|
a<11>          |s<18>          |   10.910|
a<11>          |s<19>          |   10.651|
a<11>          |s<20>          |   11.750|
a<11>          |s<21>          |   12.038|
a<11>          |s<22>          |   12.004|
a<11>          |s<23>          |   12.500|
a<11>          |s<24>          |   12.950|
a<11>          |s<25>          |   13.395|
a<11>          |s<26>          |   13.837|
a<11>          |s<27>          |   14.339|
a<11>          |s<28>          |   15.116|
a<11>          |s<29>          |   14.820|
a<11>          |s<30>          |   15.558|
a<11>          |s<31>          |   15.482|
a<12>          |c_out          |   14.247|
a<12>          |s<12>          |    6.986|
a<12>          |s<13>          |    6.857|
a<12>          |s<14>          |    7.899|
a<12>          |s<15>          |    7.142|
a<12>          |s<16>          |    8.192|
a<12>          |s<17>          |    8.596|
a<12>          |s<18>          |    9.708|
a<12>          |s<19>          |    9.449|
a<12>          |s<20>          |   10.548|
a<12>          |s<21>          |   10.836|
a<12>          |s<22>          |   10.802|
a<12>          |s<23>          |   11.298|
a<12>          |s<24>          |   11.748|
a<12>          |s<25>          |   12.193|
a<12>          |s<26>          |   12.635|
a<12>          |s<27>          |   13.137|
a<12>          |s<28>          |   13.914|
a<12>          |s<29>          |   13.618|
a<12>          |s<30>          |   14.356|
a<12>          |s<31>          |   14.280|
a<13>          |c_out          |   14.321|
a<13>          |s<13>          |    6.925|
a<13>          |s<14>          |    7.973|
a<13>          |s<15>          |    7.216|
a<13>          |s<16>          |    8.266|
a<13>          |s<17>          |    8.670|
a<13>          |s<18>          |    9.782|
a<13>          |s<19>          |    9.523|
a<13>          |s<20>          |   10.622|
a<13>          |s<21>          |   10.910|
a<13>          |s<22>          |   10.876|
a<13>          |s<23>          |   11.372|
a<13>          |s<24>          |   11.822|
a<13>          |s<25>          |   12.267|
a<13>          |s<26>          |   12.709|
a<13>          |s<27>          |   13.211|
a<13>          |s<28>          |   13.988|
a<13>          |s<29>          |   13.692|
a<13>          |s<30>          |   14.430|
a<13>          |s<31>          |   14.354|
a<14>          |c_out          |   14.032|
a<14>          |s<14>          |    7.310|
a<14>          |s<15>          |    6.919|
a<14>          |s<16>          |    7.977|
a<14>          |s<17>          |    8.381|
a<14>          |s<18>          |    9.493|
a<14>          |s<19>          |    9.234|
a<14>          |s<20>          |   10.333|
a<14>          |s<21>          |   10.621|
a<14>          |s<22>          |   10.587|
a<14>          |s<23>          |   11.083|
a<14>          |s<24>          |   11.533|
a<14>          |s<25>          |   11.978|
a<14>          |s<26>          |   12.420|
a<14>          |s<27>          |   12.922|
a<14>          |s<28>          |   13.699|
a<14>          |s<29>          |   13.403|
a<14>          |s<30>          |   14.141|
a<14>          |s<31>          |   14.065|
a<15>          |c_out          |   14.118|
a<15>          |s<15>          |    7.017|
a<15>          |s<16>          |    8.063|
a<15>          |s<17>          |    8.467|
a<15>          |s<18>          |    9.579|
a<15>          |s<19>          |    9.320|
a<15>          |s<20>          |   10.419|
a<15>          |s<21>          |   10.707|
a<15>          |s<22>          |   10.673|
a<15>          |s<23>          |   11.169|
a<15>          |s<24>          |   11.619|
a<15>          |s<25>          |   12.064|
a<15>          |s<26>          |   12.506|
a<15>          |s<27>          |   13.008|
a<15>          |s<28>          |   13.785|
a<15>          |s<29>          |   13.489|
a<15>          |s<30>          |   14.227|
a<15>          |s<31>          |   14.151|
a<16>          |c_out          |   13.517|
a<16>          |s<16>          |    6.937|
a<16>          |s<17>          |    7.882|
a<16>          |s<18>          |    8.978|
a<16>          |s<19>          |    8.719|
a<16>          |s<20>          |    9.818|
a<16>          |s<21>          |   10.106|
a<16>          |s<22>          |   10.072|
a<16>          |s<23>          |   10.568|
a<16>          |s<24>          |   11.018|
a<16>          |s<25>          |   11.463|
a<16>          |s<26>          |   11.905|
a<16>          |s<27>          |   12.407|
a<16>          |s<28>          |   13.184|
a<16>          |s<29>          |   12.888|
a<16>          |s<30>          |   13.626|
a<16>          |s<31>          |   13.550|
a<17>          |c_out          |   12.981|
a<17>          |s<17>          |    7.331|
a<17>          |s<18>          |    8.442|
a<17>          |s<19>          |    8.183|
a<17>          |s<20>          |    9.282|
a<17>          |s<21>          |    9.570|
a<17>          |s<22>          |    9.536|
a<17>          |s<23>          |   10.032|
a<17>          |s<24>          |   10.482|
a<17>          |s<25>          |   10.927|
a<17>          |s<26>          |   11.369|
a<17>          |s<27>          |   11.871|
a<17>          |s<28>          |   12.648|
a<17>          |s<29>          |   12.352|
a<17>          |s<30>          |   13.090|
a<17>          |s<31>          |   13.014|
a<18>          |c_out          |   13.127|
a<18>          |s<18>          |    8.047|
a<18>          |s<19>          |    8.327|
a<18>          |s<20>          |    9.428|
a<18>          |s<21>          |    9.716|
a<18>          |s<22>          |    9.682|
a<18>          |s<23>          |   10.178|
a<18>          |s<24>          |   10.628|
a<18>          |s<25>          |   11.073|
a<18>          |s<26>          |   11.515|
a<18>          |s<27>          |   12.017|
a<18>          |s<28>          |   12.794|
a<18>          |s<29>          |   12.498|
a<18>          |s<30>          |   13.236|
a<18>          |s<31>          |   13.160|
a<19>          |c_out          |   12.590|
a<19>          |s<19>          |    7.799|
a<19>          |s<20>          |    8.891|
a<19>          |s<21>          |    9.179|
a<19>          |s<22>          |    9.145|
a<19>          |s<23>          |    9.641|
a<19>          |s<24>          |   10.091|
a<19>          |s<25>          |   10.536|
a<19>          |s<26>          |   10.978|
a<19>          |s<27>          |   11.480|
a<19>          |s<28>          |   12.257|
a<19>          |s<29>          |   11.961|
a<19>          |s<30>          |   12.699|
a<19>          |s<31>          |   12.623|
a<20>          |c_out          |   10.616|
a<20>          |s<20>          |    6.634|
a<20>          |s<21>          |    7.205|
a<20>          |s<22>          |    7.171|
a<20>          |s<23>          |    7.667|
a<20>          |s<24>          |    8.117|
a<20>          |s<25>          |    8.562|
a<20>          |s<26>          |    9.004|
a<20>          |s<27>          |    9.506|
a<20>          |s<28>          |   10.283|
a<20>          |s<29>          |    9.987|
a<20>          |s<30>          |   10.725|
a<20>          |s<31>          |   10.649|
a<21>          |c_out          |   10.926|
a<21>          |s<21>          |    7.502|
a<21>          |s<22>          |    7.481|
a<21>          |s<23>          |    7.977|
a<21>          |s<24>          |    8.427|
a<21>          |s<25>          |    8.872|
a<21>          |s<26>          |    9.314|
a<21>          |s<27>          |    9.816|
a<21>          |s<28>          |   10.593|
a<21>          |s<29>          |   10.297|
a<21>          |s<30>          |   11.035|
a<21>          |s<31>          |   10.959|
a<22>          |c_out          |   10.060|
a<22>          |s<22>          |    6.820|
a<22>          |s<23>          |    7.115|
a<22>          |s<24>          |    7.561|
a<22>          |s<25>          |    8.006|
a<22>          |s<26>          |    8.448|
a<22>          |s<27>          |    8.950|
a<22>          |s<28>          |    9.727|
a<22>          |s<29>          |    9.431|
a<22>          |s<30>          |   10.169|
a<22>          |s<31>          |   10.093|
a<23>          |c_out          |   10.222|
a<23>          |s<23>          |    7.275|
a<23>          |s<24>          |    7.723|
a<23>          |s<25>          |    8.168|
a<23>          |s<26>          |    8.610|
a<23>          |s<27>          |    9.112|
a<23>          |s<28>          |    9.889|
a<23>          |s<29>          |    9.593|
a<23>          |s<30>          |   10.331|
a<23>          |s<31>          |   10.255|
a<24>          |c_out          |    8.990|
a<24>          |s<24>          |    6.884|
a<24>          |s<25>          |    6.947|
a<24>          |s<26>          |    7.378|
a<24>          |s<27>          |    7.880|
a<24>          |s<28>          |    8.657|
a<24>          |s<29>          |    8.361|
a<24>          |s<30>          |    9.099|
a<24>          |s<31>          |    9.023|
a<25>          |c_out          |    9.191|
a<25>          |s<25>          |    7.136|
a<25>          |s<26>          |    7.579|
a<25>          |s<27>          |    8.081|
a<25>          |s<28>          |    8.858|
a<25>          |s<29>          |    8.562|
a<25>          |s<30>          |    9.300|
a<25>          |s<31>          |    9.224|
a<26>          |c_out          |    8.468|
a<26>          |s<26>          |    7.058|
a<26>          |s<27>          |    7.346|
a<26>          |s<28>          |    8.135|
a<26>          |s<29>          |    7.839|
a<26>          |s<30>          |    8.577|
a<26>          |s<31>          |    8.501|
a<27>          |c_out          |    8.218|
a<27>          |s<27>          |    7.108|
a<27>          |s<28>          |    7.885|
a<27>          |s<29>          |    7.589|
a<27>          |s<30>          |    8.327|
a<27>          |s<31>          |    8.251|
a<28>          |c_out          |    7.861|
a<28>          |s<28>          |    7.095|
a<28>          |s<29>          |    7.224|
a<28>          |s<30>          |    7.970|
a<28>          |s<31>          |    7.894|
a<29>          |c_out          |    7.720|
a<29>          |s<29>          |    7.084|
a<29>          |s<30>          |    7.829|
a<29>          |s<31>          |    7.753|
a<30>          |c_out          |    6.760|
a<30>          |s<30>          |    6.804|
a<30>          |s<31>          |    6.784|
a<31>          |c_out          |    6.987|
a<31>          |s<31>          |    7.012|
b<0>           |c_out          |   19.138|
b<0>           |s<0>           |    6.840|
b<0>           |s<1>           |    7.090|
b<0>           |s<2>           |    7.963|
b<0>           |s<3>           |    7.906|
b<0>           |s<4>           |    8.619|
b<0>           |s<5>           |    8.756|
b<0>           |s<6>           |    9.167|
b<0>           |s<7>           |    9.427|
b<0>           |s<8>           |   10.369|
b<0>           |s<9>           |   10.346|
b<0>           |s<10>          |   11.103|
b<0>           |s<11>          |   10.908|
b<0>           |s<12>          |   11.522|
b<0>           |s<13>          |   11.740|
b<0>           |s<14>          |   12.790|
b<0>           |s<15>          |   12.033|
b<0>           |s<16>          |   13.083|
b<0>           |s<17>          |   13.487|
b<0>           |s<18>          |   14.599|
b<0>           |s<19>          |   14.340|
b<0>           |s<20>          |   15.439|
b<0>           |s<21>          |   15.727|
b<0>           |s<22>          |   15.693|
b<0>           |s<23>          |   16.189|
b<0>           |s<24>          |   16.639|
b<0>           |s<25>          |   17.084|
b<0>           |s<26>          |   17.526|
b<0>           |s<27>          |   18.028|
b<0>           |s<28>          |   18.805|
b<0>           |s<29>          |   18.509|
b<0>           |s<30>          |   19.247|
b<0>           |s<31>          |   19.171|
b<1>           |c_out          |   19.284|
b<1>           |s<1>           |    7.252|
b<1>           |s<2>           |    8.109|
b<1>           |s<3>           |    8.052|
b<1>           |s<4>           |    8.765|
b<1>           |s<5>           |    8.902|
b<1>           |s<6>           |    9.313|
b<1>           |s<7>           |    9.573|
b<1>           |s<8>           |   10.515|
b<1>           |s<9>           |   10.492|
b<1>           |s<10>          |   11.249|
b<1>           |s<11>          |   11.054|
b<1>           |s<12>          |   11.668|
b<1>           |s<13>          |   11.886|
b<1>           |s<14>          |   12.936|
b<1>           |s<15>          |   12.179|
b<1>           |s<16>          |   13.229|
b<1>           |s<17>          |   13.633|
b<1>           |s<18>          |   14.745|
b<1>           |s<19>          |   14.486|
b<1>           |s<20>          |   15.585|
b<1>           |s<21>          |   15.873|
b<1>           |s<22>          |   15.839|
b<1>           |s<23>          |   16.335|
b<1>           |s<24>          |   16.785|
b<1>           |s<25>          |   17.230|
b<1>           |s<26>          |   17.672|
b<1>           |s<27>          |   18.174|
b<1>           |s<28>          |   18.951|
b<1>           |s<29>          |   18.655|
b<1>           |s<30>          |   19.393|
b<1>           |s<31>          |   19.317|
b<2>           |c_out          |   18.576|
b<2>           |s<2>           |    7.418|
b<2>           |s<3>           |    7.336|
b<2>           |s<4>           |    8.057|
b<2>           |s<5>           |    8.194|
b<2>           |s<6>           |    8.605|
b<2>           |s<7>           |    8.865|
b<2>           |s<8>           |    9.807|
b<2>           |s<9>           |    9.784|
b<2>           |s<10>          |   10.541|
b<2>           |s<11>          |   10.346|
b<2>           |s<12>          |   10.960|
b<2>           |s<13>          |   11.178|
b<2>           |s<14>          |   12.228|
b<2>           |s<15>          |   11.471|
b<2>           |s<16>          |   12.521|
b<2>           |s<17>          |   12.925|
b<2>           |s<18>          |   14.037|
b<2>           |s<19>          |   13.778|
b<2>           |s<20>          |   14.877|
b<2>           |s<21>          |   15.165|
b<2>           |s<22>          |   15.131|
b<2>           |s<23>          |   15.627|
b<2>           |s<24>          |   16.077|
b<2>           |s<25>          |   16.522|
b<2>           |s<26>          |   16.964|
b<2>           |s<27>          |   17.466|
b<2>           |s<28>          |   18.243|
b<2>           |s<29>          |   17.947|
b<2>           |s<30>          |   18.685|
b<2>           |s<31>          |   18.609|
b<3>           |c_out          |   18.647|
b<3>           |s<3>           |    7.419|
b<3>           |s<4>           |    8.128|
b<3>           |s<5>           |    8.265|
b<3>           |s<6>           |    8.676|
b<3>           |s<7>           |    8.936|
b<3>           |s<8>           |    9.878|
b<3>           |s<9>           |    9.855|
b<3>           |s<10>          |   10.612|
b<3>           |s<11>          |   10.417|
b<3>           |s<12>          |   11.031|
b<3>           |s<13>          |   11.249|
b<3>           |s<14>          |   12.299|
b<3>           |s<15>          |   11.542|
b<3>           |s<16>          |   12.592|
b<3>           |s<17>          |   12.996|
b<3>           |s<18>          |   14.108|
b<3>           |s<19>          |   13.849|
b<3>           |s<20>          |   14.948|
b<3>           |s<21>          |   15.236|
b<3>           |s<22>          |   15.202|
b<3>           |s<23>          |   15.698|
b<3>           |s<24>          |   16.148|
b<3>           |s<25>          |   16.593|
b<3>           |s<26>          |   17.035|
b<3>           |s<27>          |   17.537|
b<3>           |s<28>          |   18.314|
b<3>           |s<29>          |   18.018|
b<3>           |s<30>          |   18.756|
b<3>           |s<31>          |   18.680|
b<4>           |c_out          |   17.620|
b<4>           |s<4>           |    7.383|
b<4>           |s<5>           |    7.225|
b<4>           |s<6>           |    7.649|
b<4>           |s<7>           |    7.909|
b<4>           |s<8>           |    8.851|
b<4>           |s<9>           |    8.828|
b<4>           |s<10>          |    9.585|
b<4>           |s<11>          |    9.390|
b<4>           |s<12>          |   10.004|
b<4>           |s<13>          |   10.222|
b<4>           |s<14>          |   11.272|
b<4>           |s<15>          |   10.515|
b<4>           |s<16>          |   11.565|
b<4>           |s<17>          |   11.969|
b<4>           |s<18>          |   13.081|
b<4>           |s<19>          |   12.822|
b<4>           |s<20>          |   13.921|
b<4>           |s<21>          |   14.209|
b<4>           |s<22>          |   14.175|
b<4>           |s<23>          |   14.671|
b<4>           |s<24>          |   15.121|
b<4>           |s<25>          |   15.566|
b<4>           |s<26>          |   16.008|
b<4>           |s<27>          |   16.510|
b<4>           |s<28>          |   17.287|
b<4>           |s<29>          |   16.991|
b<4>           |s<30>          |   17.729|
b<4>           |s<31>          |   17.653|
b<5>           |c_out          |   17.694|
b<5>           |s<5>           |    7.312|
b<5>           |s<6>           |    7.723|
b<5>           |s<7>           |    7.983|
b<5>           |s<8>           |    8.925|
b<5>           |s<9>           |    8.902|
b<5>           |s<10>          |    9.659|
b<5>           |s<11>          |    9.464|
b<5>           |s<12>          |   10.078|
b<5>           |s<13>          |   10.296|
b<5>           |s<14>          |   11.346|
b<5>           |s<15>          |   10.589|
b<5>           |s<16>          |   11.639|
b<5>           |s<17>          |   12.043|
b<5>           |s<18>          |   13.155|
b<5>           |s<19>          |   12.896|
b<5>           |s<20>          |   13.995|
b<5>           |s<21>          |   14.283|
b<5>           |s<22>          |   14.249|
b<5>           |s<23>          |   14.745|
b<5>           |s<24>          |   15.195|
b<5>           |s<25>          |   15.640|
b<5>           |s<26>          |   16.082|
b<5>           |s<27>          |   16.584|
b<5>           |s<28>          |   17.361|
b<5>           |s<29>          |   17.065|
b<5>           |s<30>          |   17.803|
b<5>           |s<31>          |   17.727|
b<6>           |c_out          |   16.921|
b<6>           |s<6>           |    7.034|
b<6>           |s<7>           |    7.199|
b<6>           |s<8>           |    8.152|
b<6>           |s<9>           |    8.129|
b<6>           |s<10>          |    8.886|
b<6>           |s<11>          |    8.691|
b<6>           |s<12>          |    9.305|
b<6>           |s<13>          |    9.523|
b<6>           |s<14>          |   10.573|
b<6>           |s<15>          |    9.816|
b<6>           |s<16>          |   10.866|
b<6>           |s<17>          |   11.270|
b<6>           |s<18>          |   12.382|
b<6>           |s<19>          |   12.123|
b<6>           |s<20>          |   13.222|
b<6>           |s<21>          |   13.510|
b<6>           |s<22>          |   13.476|
b<6>           |s<23>          |   13.972|
b<6>           |s<24>          |   14.422|
b<6>           |s<25>          |   14.867|
b<6>           |s<26>          |   15.309|
b<6>           |s<27>          |   15.811|
b<6>           |s<28>          |   16.588|
b<6>           |s<29>          |   16.292|
b<6>           |s<30>          |   17.030|
b<6>           |s<31>          |   16.954|
b<7>           |c_out          |   16.974|
b<7>           |s<7>           |    7.265|
b<7>           |s<8>           |    8.205|
b<7>           |s<9>           |    8.182|
b<7>           |s<10>          |    8.939|
b<7>           |s<11>          |    8.744|
b<7>           |s<12>          |    9.358|
b<7>           |s<13>          |    9.576|
b<7>           |s<14>          |   10.626|
b<7>           |s<15>          |    9.869|
b<7>           |s<16>          |   10.919|
b<7>           |s<17>          |   11.323|
b<7>           |s<18>          |   12.435|
b<7>           |s<19>          |   12.176|
b<7>           |s<20>          |   13.275|
b<7>           |s<21>          |   13.563|
b<7>           |s<22>          |   13.529|
b<7>           |s<23>          |   14.025|
b<7>           |s<24>          |   14.475|
b<7>           |s<25>          |   14.920|
b<7>           |s<26>          |   15.362|
b<7>           |s<27>          |   15.864|
b<7>           |s<28>          |   16.641|
b<7>           |s<29>          |   16.345|
b<7>           |s<30>          |   17.083|
b<7>           |s<31>          |   17.007|
b<8>           |c_out          |   16.054|
b<8>           |s<8>           |    7.361|
b<8>           |s<9>           |    7.250|
b<8>           |s<10>          |    8.019|
b<8>           |s<11>          |    7.824|
b<8>           |s<12>          |    8.438|
b<8>           |s<13>          |    8.656|
b<8>           |s<14>          |    9.706|
b<8>           |s<15>          |    8.949|
b<8>           |s<16>          |    9.999|
b<8>           |s<17>          |   10.403|
b<8>           |s<18>          |   11.515|
b<8>           |s<19>          |   11.256|
b<8>           |s<20>          |   12.355|
b<8>           |s<21>          |   12.643|
b<8>           |s<22>          |   12.609|
b<8>           |s<23>          |   13.105|
b<8>           |s<24>          |   13.555|
b<8>           |s<25>          |   14.000|
b<8>           |s<26>          |   14.442|
b<8>           |s<27>          |   14.944|
b<8>           |s<28>          |   15.721|
b<8>           |s<29>          |   15.425|
b<8>           |s<30>          |   16.163|
b<8>           |s<31>          |   16.087|
b<9>           |c_out          |   15.768|
b<9>           |s<9>           |    6.974|
b<9>           |s<10>          |    7.733|
b<9>           |s<11>          |    7.538|
b<9>           |s<12>          |    8.152|
b<9>           |s<13>          |    8.370|
b<9>           |s<14>          |    9.420|
b<9>           |s<15>          |    8.663|
b<9>           |s<16>          |    9.713|
b<9>           |s<17>          |   10.117|
b<9>           |s<18>          |   11.229|
b<9>           |s<19>          |   10.970|
b<9>           |s<20>          |   12.069|
b<9>           |s<21>          |   12.357|
b<9>           |s<22>          |   12.323|
b<9>           |s<23>          |   12.819|
b<9>           |s<24>          |   13.269|
b<9>           |s<25>          |   13.714|
b<9>           |s<26>          |   14.156|
b<9>           |s<27>          |   14.658|
b<9>           |s<28>          |   15.435|
b<9>           |s<29>          |   15.139|
b<9>           |s<30>          |   15.877|
b<9>           |s<31>          |   15.801|
b<10>          |c_out          |   15.595|
b<10>          |s<10>          |    6.989|
b<10>          |s<11>          |    7.369|
b<10>          |s<12>          |    7.979|
b<10>          |s<13>          |    8.197|
b<10>          |s<14>          |    9.247|
b<10>          |s<15>          |    8.490|
b<10>          |s<16>          |    9.540|
b<10>          |s<17>          |    9.944|
b<10>          |s<18>          |   11.056|
b<10>          |s<19>          |   10.797|
b<10>          |s<20>          |   11.896|
b<10>          |s<21>          |   12.184|
b<10>          |s<22>          |   12.150|
b<10>          |s<23>          |   12.646|
b<10>          |s<24>          |   13.096|
b<10>          |s<25>          |   13.541|
b<10>          |s<26>          |   13.983|
b<10>          |s<27>          |   14.485|
b<10>          |s<28>          |   15.262|
b<10>          |s<29>          |   14.966|
b<10>          |s<30>          |   15.704|
b<10>          |s<31>          |   15.628|
b<11>          |c_out          |   15.424|
b<11>          |s<11>          |    7.183|
b<11>          |s<12>          |    7.808|
b<11>          |s<13>          |    8.026|
b<11>          |s<14>          |    9.076|
b<11>          |s<15>          |    8.319|
b<11>          |s<16>          |    9.369|
b<11>          |s<17>          |    9.773|
b<11>          |s<18>          |   10.885|
b<11>          |s<19>          |   10.626|
b<11>          |s<20>          |   11.725|
b<11>          |s<21>          |   12.013|
b<11>          |s<22>          |   11.979|
b<11>          |s<23>          |   12.475|
b<11>          |s<24>          |   12.925|
b<11>          |s<25>          |   13.370|
b<11>          |s<26>          |   13.812|
b<11>          |s<27>          |   14.314|
b<11>          |s<28>          |   15.091|
b<11>          |s<29>          |   14.795|
b<11>          |s<30>          |   15.533|
b<11>          |s<31>          |   15.457|
b<12>          |c_out          |   14.787|
b<12>          |s<12>          |    7.450|
b<12>          |s<13>          |    7.405|
b<12>          |s<14>          |    8.439|
b<12>          |s<15>          |    7.682|
b<12>          |s<16>          |    8.732|
b<12>          |s<17>          |    9.136|
b<12>          |s<18>          |   10.248|
b<12>          |s<19>          |    9.989|
b<12>          |s<20>          |   11.088|
b<12>          |s<21>          |   11.376|
b<12>          |s<22>          |   11.342|
b<12>          |s<23>          |   11.838|
b<12>          |s<24>          |   12.288|
b<12>          |s<25>          |   12.733|
b<12>          |s<26>          |   13.175|
b<12>          |s<27>          |   13.677|
b<12>          |s<28>          |   14.454|
b<12>          |s<29>          |   14.158|
b<12>          |s<30>          |   14.896|
b<12>          |s<31>          |   14.820|
b<13>          |c_out          |   14.801|
b<13>          |s<13>          |    7.415|
b<13>          |s<14>          |    8.453|
b<13>          |s<15>          |    7.696|
b<13>          |s<16>          |    8.746|
b<13>          |s<17>          |    9.150|
b<13>          |s<18>          |   10.262|
b<13>          |s<19>          |   10.003|
b<13>          |s<20>          |   11.102|
b<13>          |s<21>          |   11.390|
b<13>          |s<22>          |   11.356|
b<13>          |s<23>          |   11.852|
b<13>          |s<24>          |   12.302|
b<13>          |s<25>          |   12.747|
b<13>          |s<26>          |   13.189|
b<13>          |s<27>          |   13.691|
b<13>          |s<28>          |   14.468|
b<13>          |s<29>          |   14.172|
b<13>          |s<30>          |   14.910|
b<13>          |s<31>          |   14.834|
b<14>          |c_out          |   14.214|
b<14>          |s<14>          |    7.381|
b<14>          |s<15>          |    7.102|
b<14>          |s<16>          |    8.159|
b<14>          |s<17>          |    8.563|
b<14>          |s<18>          |    9.675|
b<14>          |s<19>          |    9.416|
b<14>          |s<20>          |   10.515|
b<14>          |s<21>          |   10.803|
b<14>          |s<22>          |   10.769|
b<14>          |s<23>          |   11.265|
b<14>          |s<24>          |   11.715|
b<14>          |s<25>          |   12.160|
b<14>          |s<26>          |   12.602|
b<14>          |s<27>          |   13.104|
b<14>          |s<28>          |   13.881|
b<14>          |s<29>          |   13.585|
b<14>          |s<30>          |   14.323|
b<14>          |s<31>          |   14.247|
b<15>          |c_out          |   13.852|
b<15>          |s<15>          |    6.755|
b<15>          |s<16>          |    7.797|
b<15>          |s<17>          |    8.201|
b<15>          |s<18>          |    9.313|
b<15>          |s<19>          |    9.054|
b<15>          |s<20>          |   10.153|
b<15>          |s<21>          |   10.441|
b<15>          |s<22>          |   10.407|
b<15>          |s<23>          |   10.903|
b<15>          |s<24>          |   11.353|
b<15>          |s<25>          |   11.798|
b<15>          |s<26>          |   12.240|
b<15>          |s<27>          |   12.742|
b<15>          |s<28>          |   13.519|
b<15>          |s<29>          |   13.223|
b<15>          |s<30>          |   13.961|
b<15>          |s<31>          |   13.885|
b<16>          |c_out          |   12.860|
b<16>          |s<16>          |    6.800|
b<16>          |s<17>          |    7.221|
b<16>          |s<18>          |    8.321|
b<16>          |s<19>          |    8.062|
b<16>          |s<20>          |    9.161|
b<16>          |s<21>          |    9.449|
b<16>          |s<22>          |    9.415|
b<16>          |s<23>          |    9.911|
b<16>          |s<24>          |   10.361|
b<16>          |s<25>          |   10.806|
b<16>          |s<26>          |   11.248|
b<16>          |s<27>          |   11.750|
b<16>          |s<28>          |   12.527|
b<16>          |s<29>          |   12.231|
b<16>          |s<30>          |   12.969|
b<16>          |s<31>          |   12.893|
b<17>          |c_out          |   12.270|
b<17>          |s<17>          |    6.627|
b<17>          |s<18>          |    7.731|
b<17>          |s<19>          |    7.472|
b<17>          |s<20>          |    8.571|
b<17>          |s<21>          |    8.859|
b<17>          |s<22>          |    8.825|
b<17>          |s<23>          |    9.321|
b<17>          |s<24>          |    9.771|
b<17>          |s<25>          |   10.216|
b<17>          |s<26>          |   10.658|
b<17>          |s<27>          |   11.160|
b<17>          |s<28>          |   11.937|
b<17>          |s<29>          |   11.641|
b<17>          |s<30>          |   12.379|
b<17>          |s<31>          |   12.303|
b<18>          |c_out          |   11.795|
b<18>          |s<18>          |    7.245|
b<18>          |s<19>          |    6.988|
b<18>          |s<20>          |    8.096|
b<18>          |s<21>          |    8.384|
b<18>          |s<22>          |    8.350|
b<18>          |s<23>          |    8.846|
b<18>          |s<24>          |    9.296|
b<18>          |s<25>          |    9.741|
b<18>          |s<26>          |   10.183|
b<18>          |s<27>          |   10.685|
b<18>          |s<28>          |   11.462|
b<18>          |s<29>          |   11.166|
b<18>          |s<30>          |   11.904|
b<18>          |s<31>          |   11.828|
b<19>          |c_out          |   11.820|
b<19>          |s<19>          |    7.014|
b<19>          |s<20>          |    8.121|
b<19>          |s<21>          |    8.409|
b<19>          |s<22>          |    8.375|
b<19>          |s<23>          |    8.871|
b<19>          |s<24>          |    9.321|
b<19>          |s<25>          |    9.766|
b<19>          |s<26>          |   10.208|
b<19>          |s<27>          |   10.710|
b<19>          |s<28>          |   11.487|
b<19>          |s<29>          |   11.191|
b<19>          |s<30>          |   11.929|
b<19>          |s<31>          |   11.853|
b<20>          |c_out          |   10.810|
b<20>          |s<20>          |    7.103|
b<20>          |s<21>          |    7.397|
b<20>          |s<22>          |    7.365|
b<20>          |s<23>          |    7.861|
b<20>          |s<24>          |    8.311|
b<20>          |s<25>          |    8.756|
b<20>          |s<26>          |    9.198|
b<20>          |s<27>          |    9.700|
b<20>          |s<28>          |   10.477|
b<20>          |s<29>          |   10.181|
b<20>          |s<30>          |   10.919|
b<20>          |s<31>          |   10.843|
b<21>          |c_out          |   10.789|
b<21>          |s<21>          |    7.366|
b<21>          |s<22>          |    7.344|
b<21>          |s<23>          |    7.840|
b<21>          |s<24>          |    8.290|
b<21>          |s<25>          |    8.735|
b<21>          |s<26>          |    9.177|
b<21>          |s<27>          |    9.679|
b<21>          |s<28>          |   10.456|
b<21>          |s<29>          |   10.160|
b<21>          |s<30>          |   10.898|
b<21>          |s<31>          |   10.822|
b<22>          |c_out          |   10.388|
b<22>          |s<22>          |    6.895|
b<22>          |s<23>          |    7.428|
b<22>          |s<24>          |    7.889|
b<22>          |s<25>          |    8.334|
b<22>          |s<26>          |    8.776|
b<22>          |s<27>          |    9.278|
b<22>          |s<28>          |   10.055|
b<22>          |s<29>          |    9.759|
b<22>          |s<30>          |   10.497|
b<22>          |s<31>          |   10.421|
b<23>          |c_out          |   10.481|
b<23>          |s<23>          |    7.521|
b<23>          |s<24>          |    7.982|
b<23>          |s<25>          |    8.427|
b<23>          |s<26>          |    8.869|
b<23>          |s<27>          |    9.371|
b<23>          |s<28>          |   10.148|
b<23>          |s<29>          |    9.852|
b<23>          |s<30>          |   10.590|
b<23>          |s<31>          |   10.514|
b<24>          |c_out          |    9.583|
b<24>          |s<24>          |    7.259|
b<24>          |s<25>          |    7.542|
b<24>          |s<26>          |    7.971|
b<24>          |s<27>          |    8.473|
b<24>          |s<28>          |    9.250|
b<24>          |s<29>          |    8.954|
b<24>          |s<30>          |    9.692|
b<24>          |s<31>          |    9.616|
b<25>          |c_out          |    9.740|
b<25>          |s<25>          |    7.700|
b<25>          |s<26>          |    8.128|
b<25>          |s<27>          |    8.630|
b<25>          |s<28>          |    9.407|
b<25>          |s<29>          |    9.111|
b<25>          |s<30>          |    9.849|
b<25>          |s<31>          |    9.773|
b<26>          |c_out          |    8.488|
b<26>          |s<26>          |    7.263|
b<26>          |s<27>          |    7.366|
b<26>          |s<28>          |    8.155|
b<26>          |s<29>          |    7.859|
b<26>          |s<30>          |    8.597|
b<26>          |s<31>          |    8.521|
b<27>          |c_out          |    8.829|
b<27>          |s<27>          |    7.721|
b<27>          |s<28>          |    8.496|
b<27>          |s<29>          |    8.200|
b<27>          |s<30>          |    8.938|
b<27>          |s<31>          |    8.862|
b<28>          |c_out          |    8.099|
b<28>          |s<28>          |    7.085|
b<28>          |s<29>          |    7.478|
b<28>          |s<30>          |    8.208|
b<28>          |s<31>          |    8.132|
b<29>          |c_out          |    8.099|
b<29>          |s<29>          |    7.474|
b<29>          |s<30>          |    8.208|
b<29>          |s<31>          |    8.132|
b<30>          |c_out          |    7.477|
b<30>          |s<30>          |    7.369|
b<30>          |s<31>          |    7.517|
b<31>          |c_out          |    7.084|
b<31>          |s<31>          |    7.115|
c_in           |c_out          |   19.486|
c_in           |s<0>           |    7.498|
c_in           |s<1>           |    7.446|
c_in           |s<2>           |    8.311|
c_in           |s<3>           |    8.254|
c_in           |s<4>           |    8.967|
c_in           |s<5>           |    9.104|
c_in           |s<6>           |    9.515|
c_in           |s<7>           |    9.775|
c_in           |s<8>           |   10.717|
c_in           |s<9>           |   10.694|
c_in           |s<10>          |   11.451|
c_in           |s<11>          |   11.256|
c_in           |s<12>          |   11.870|
c_in           |s<13>          |   12.088|
c_in           |s<14>          |   13.138|
c_in           |s<15>          |   12.381|
c_in           |s<16>          |   13.431|
c_in           |s<17>          |   13.835|
c_in           |s<18>          |   14.947|
c_in           |s<19>          |   14.688|
c_in           |s<20>          |   15.787|
c_in           |s<21>          |   16.075|
c_in           |s<22>          |   16.041|
c_in           |s<23>          |   16.537|
c_in           |s<24>          |   16.987|
c_in           |s<25>          |   17.432|
c_in           |s<26>          |   17.874|
c_in           |s<27>          |   18.376|
c_in           |s<28>          |   19.153|
c_in           |s<29>          |   18.857|
c_in           |s<30>          |   19.595|
c_in           |s<31>          |   19.519|
---------------+---------------+---------+


Analysis completed Fri Aug 26 16:10:28 2022 
--------------------------------------------------------------------------------

Trace Settings:
-------------------------
Trace Settings 

Peak Memory Usage: 4950 MB



