Release 14.7 - xst P.20131013 (nt64)
Copyright (c) 1995-2013 Xilinx, Inc.  All rights reserved.
--> Parameter TMPDIR set to xst/projnav.tmp


Total REAL time to Xst completion: 0.00 secs
Total CPU time to Xst completion: 0.12 secs
 
--> Parameter xsthdpdir set to xst


Total REAL time to Xst completion: 0.00 secs
Total CPU time to Xst completion: 0.13 secs
 
--> Reading design: Counter_4_bit_Wrapper.prj

TABLE OF CONTENTS
  1) Synthesis Options Summary
  2) HDL Parsing
  3) HDL Elaboration
  4) HDL Synthesis
       4.1) HDL Synthesis Report
  5) Advanced HDL Synthesis
       5.1) Advanced HDL Synthesis Report
  6) Low Level Synthesis
  7) Partition Report
  8) Design Summary
       8.1) Primitive and Black Box Usage
       8.2) Device utilization summary
       8.3) Partition Resource Summary
       8.4) Timing Report
            8.4.1) Clock Information
            8.4.2) Asynchronous Control Signals Information
            8.4.3) Timing Summary
            8.4.4) Timing Details
            8.4.5) Cross Clock Domains Report


=========================================================================
*                      Synthesis Options Summary                        *
=========================================================================
---- Source Parameters
Input File Name                    : "Counter_4_bit_Wrapper.prj"
Ignore Synthesis Constraint File   : NO

---- Target Parameters
Output File Name                   : "Counter_4_bit_Wrapper"
Output Format                      : NGC
Target Device                      : xc7a100t-3-csg324

---- Source Options
Top Module Name                    : Counter_4_bit_Wrapper
Automatic FSM Extraction           : YES
FSM Encoding Algorithm             : Auto
Safe Implementation                : No
FSM Style                          : LUT
RAM Extraction                     : Yes
RAM Style                          : Auto
ROM Extraction                     : Yes
Shift Register Extraction          : YES
ROM Style                          : Auto
Resource Sharing                   : YES
Asynchronous To Synchronous        : NO
Shift Register Minimum Size        : 2
Use DSP Block                      : Auto
Automatic Register Balancing       : No

---- Target Options
LUT Combining                      : Auto
Reduce Control Sets                : Auto
Add IO Buffers                     : YES
Global Maximum Fanout              : 100000
Add Generic Clock Buffer(BUFG)     : 32
Register Duplication               : YES
Optimize Instantiated Primitives   : NO
Use Clock Enable                   : Auto
Use Synchronous Set                : Auto
Use Synchronous Reset              : Auto
Pack IO Registers into IOBs        : Auto
Equivalent register Removal        : YES

---- General Options
Optimization Goal                  : Speed
Optimization Effort                : 1
Power Reduction                    : NO
Keep Hierarchy                     : No
Netlist Hierarchy                  : As_Optimized
RTL Output                         : Yes
Global Optimization                : AllClockNets
Read Cores                         : YES
Write Timing Constraints           : NO
Cross Clock Analysis               : NO
Hierarchy Separator                : /
Bus Delimiter                      : <>
Case Specifier                     : Maintain
Slice Utilization Ratio            : 100
BRAM Utilization Ratio             : 100
DSP48 Utilization Ratio            : 100
Auto BRAM Packing                  : NO
Slice Utilization Ratio Delta      : 5

=========================================================================


=========================================================================
*                          HDL Parsing                                  *
=========================================================================
Analyzing Verilog file "C:\Users\akabh\assgn_5\Counter_4_bit_Util.v" into library work
Parsing module <Counter_4_bit_Util>.
Analyzing Verilog file "C:\Users\akabh\assgn_5\Clock_divider.v" into library work
Parsing module <Clock_divider>.
Analyzing Verilog file "C:\Users\akabh\assgn_5\Counter_4_bit.v" into library work
Parsing module <Counter_4_bit>.
Analyzing Verilog file "C:\Users\akabh\assgn_5\Counter_4_bit_Wrapper.v" into library work
Parsing module <Counter_4_bit_Wrapper>.

=========================================================================
*                            HDL Elaboration                            *
=========================================================================

Elaborating module <Counter_4_bit_Wrapper>.

Elaborating module <Counter_4_bit>.

Elaborating module <Clock_divider>.

Elaborating module <Counter_4_bit_Util>.

=========================================================================
*                           HDL Synthesis                               *
=========================================================================

Synthesizing Unit <Counter_4_bit_Wrapper>.
    Related source file is "C:\Users\akabh\assgn_5\Counter_4_bit_Wrapper.v".
    Found 1-bit register for signal <rstn_reg>.
    Found 4-bit register for signal <counter>.
    Found 1-bit register for signal <clk_reg>.
    Summary:
	inferred   6 D-type flip-flop(s).
Unit <Counter_4_bit_Wrapper> synthesized.

Synthesizing Unit <Counter_4_bit>.
    Related source file is "C:\Users\akabh\assgn_5\Counter_4_bit.v".
    Summary:
	no macro.
Unit <Counter_4_bit> synthesized.

Synthesizing Unit <Clock_divider>.
    Related source file is "C:\Users\akabh\assgn_5\Clock_divider.v".
        DIVISOR = 28'b0000000000000000000000000010
    Found 1-bit register for signal <clock_out>.
    Found 28-bit register for signal <counter>.
    Found 28-bit adder for signal <counter[27]_GND_3_o_add_1_OUT> created at line 31.
    Found 28-bit comparator greater for signal <n0001> created at line 32
    Summary:
	inferred   1 Adder/Subtractor(s).
	inferred  29 D-type flip-flop(s).
	inferred   1 Comparator(s).
Unit <Clock_divider> synthesized.

Synthesizing Unit <Counter_4_bit_Util>.
    Related source file is "C:\Users\akabh\assgn_5\Counter_4_bit_Util.v".
    Found 4-bit register for signal <counter>.
    Found 4-bit adder for signal <counter[3]_GND_4_o_add_0_OUT> created at line 29.
    Summary:
	inferred   1 Adder/Subtractor(s).
	inferred   4 D-type flip-flop(s).
Unit <Counter_4_bit_Util> synthesized.

=========================================================================
HDL Synthesis Report

Macro Statistics
# Adders/Subtractors                                   : 2
 28-bit adder                                          : 1
 4-bit adder                                           : 1
# Registers                                            : 6
 1-bit register                                        : 3
 28-bit register                                       : 1
 4-bit register                                        : 2
# Comparators                                          : 1
 28-bit comparator greater                             : 1

=========================================================================

=========================================================================
*                       Advanced HDL Synthesis                          *
=========================================================================


Synthesizing (advanced) Unit <Clock_divider>.
The following registers are absorbed into counter <counter>: 1 register on signal <counter>.
Unit <Clock_divider> synthesized (advanced).

Synthesizing (advanced) Unit <Counter_4_bit_Util>.
The following registers are absorbed into counter <counter>: 1 register on signal <counter>.
Unit <Counter_4_bit_Util> synthesized (advanced).

=========================================================================
Advanced HDL Synthesis Report

Macro Statistics
# Counters                                             : 2
 28-bit up counter                                     : 1
 4-bit up counter                                      : 1
# Registers                                            : 7
 Flip-Flops                                            : 7
# Comparators                                          : 1
 28-bit comparator greater                             : 1

=========================================================================

=========================================================================
*                         Low Level Synthesis                           *
=========================================================================

Optimizing unit <Counter_4_bit_Wrapper> ...

Mapping all equations...
Building and optimizing final netlist ...
Found area constraint ratio of 100 (+ 5) on block Counter_4_bit_Wrapper, actual ratio is 0.

Final Macro Processing ...

=========================================================================
Final Register Report

Macro Statistics
# Registers                                            : 39
 Flip-Flops                                            : 39

=========================================================================

=========================================================================
*                           Partition Report                            *
=========================================================================

Partition Implementation Status
-------------------------------

  No Partitions were found in this design.

-------------------------------

=========================================================================
*                            Design Summary                             *
=========================================================================

Top Level Output File Name         : Counter_4_bit_Wrapper.ngc

Primitive and Black Box Usage:
------------------------------
# BELS                             : 128
#      GND                         : 1
#      INV                         : 4
#      LUT1                        : 27
#      LUT2                        : 19
#      LUT3                        : 3
#      LUT4                        : 2
#      LUT5                        : 9
#      MUXCY                       : 34
#      VCC                         : 1
#      XORCY                       : 28
# FlipFlops/Latches                : 39
#      FD                          : 19
#      FDC                         : 4
#      FDR                         : 16
# Clock Buffers                    : 2
#      BUFG                        : 1
#      BUFGP                       : 1
# IO Buffers                       : 7
#      IBUF                        : 3
#      OBUF                        : 4

Device utilization summary:
---------------------------

Selected Device : 7a100tcsg324-3 


Slice Logic Utilization: 
 Number of Slice Registers:              33  out of  126800     0%  
 Number of Slice LUTs:                   64  out of  63400     0%  
    Number used as Logic:                64  out of  63400     0%  

Slice Logic Distribution: 
 Number of LUT Flip Flop pairs used:     65
   Number with an unused Flip Flop:      32  out of     65    49%  
   Number with an unused LUT:             1  out of     65     1%  
   Number of fully used LUT-FF pairs:    32  out of     65    49%  
   Number of unique control sets:         4

IO Utilization: 
 Number of IOs:                           8
 Number of bonded IOBs:                   8  out of    210     3%  
    IOB Flip Flops/Latches:               6

Specific Feature Utilization:
 Number of BUFG/BUFGCTRLs:                2  out of     32     6%  

---------------------------
Partition Resource Summary:
---------------------------

  No Partitions were found in this design.

---------------------------


=========================================================================
Timing Report

NOTE: THESE TIMING NUMBERS ARE ONLY A SYNTHESIS ESTIMATE.
      FOR ACCURATE TIMING INFORMATION PLEASE REFER TO THE TRACE REPORT
      GENERATED AFTER PLACE-and-ROUTE.

Clock Information:
------------------
-----------------------------------+-------------------------------+-------+
Clock Signal                       | Clock buffer(FF name)         | Load  |
-----------------------------------+-------------------------------+-------+
clk                                | BUFGP                         | 6     |
clk_reg                            | BUFG                          | 29    |
bin_count/clkDiv/clock_out         | NONE(bin_count/cntr/counter_0)| 4     |
-----------------------------------+-------------------------------+-------+
INFO:Xst:2169 - HDL ADVISOR - Some clock signals were not automatically buffered by XST with BUFG/BUFR resources. Please use the buffer_type constraint in order to insert these buffers to the clock signals to help prevent skew problems.

Asynchronous Control Signals Information:
----------------------------------------
No asynchronous control signals found in this design

Timing Summary:
---------------
Speed Grade: -3

   Minimum period: 2.769ns (Maximum Frequency: 361.206MHz)
   Minimum input arrival time before clock: 0.652ns
   Maximum output required time after clock: 0.640ns
   Maximum combinational path delay: No path found

Timing Details:
---------------
All values displayed in nanoseconds (ns)

=========================================================================
Timing constraint: Default period analysis for Clock 'clk_reg'
  Clock period: 2.769ns (frequency: 361.206MHz)
  Total number of paths / destination ports: 2001 / 39
-------------------------------------------------------------------------
Delay:               2.769ns (Levels of Logic = 8)
  Source:            bin_count/clkDiv/counter_1 (FF)
  Destination:       bin_count/clkDiv/counter_18 (FF)
  Source Clock:      clk_reg rising
  Destination Clock: clk_reg rising

  Data Path: bin_count/clkDiv/counter_1 to bin_count/clkDiv/counter_18
                                Gate     Net
    Cell:in->out      fanout   Delay   Delay  Logical Name (Net Name)
    ----------------------------------------  ------------
     FD:C->Q               3   0.361   0.693  bin_count/clkDiv/counter_1 (bin_count/clkDiv/counter_1)
     LUT5:I0->O            1   0.097   0.000  bin_count/clkDiv/Mcompar_n0001_lut<0> (bin_count/clkDiv/Mcompar_n0001_lut<0>)
     MUXCY:S->O            1   0.353   0.000  bin_count/clkDiv/Mcompar_n0001_cy<0> (bin_count/clkDiv/Mcompar_n0001_cy<0>)
     MUXCY:CI->O           1   0.023   0.000  bin_count/clkDiv/Mcompar_n0001_cy<1> (bin_count/clkDiv/Mcompar_n0001_cy<1>)
     MUXCY:CI->O           1   0.023   0.000  bin_count/clkDiv/Mcompar_n0001_cy<2> (bin_count/clkDiv/Mcompar_n0001_cy<2>)
     MUXCY:CI->O           1   0.023   0.000  bin_count/clkDiv/Mcompar_n0001_cy<3> (bin_count/clkDiv/Mcompar_n0001_cy<3>)
     MUXCY:CI->O           1   0.023   0.000  bin_count/clkDiv/Mcompar_n0001_cy<4> (bin_count/clkDiv/Mcompar_n0001_cy<4>)
     MUXCY:CI->O          10   0.023   0.321  bin_count/clkDiv/Mcompar_n0001_cy<5> (bin_count/clkDiv/Mcompar_n0001_cy<5>)
     INV:I->O             20   0.113   0.367  bin_count/clkDiv/Mcompar_n0001_cy<5>_inv_INV_0 (bin_count/clkDiv/Mcompar_n0001_cy<5>_inv)
     FDR:R                     0.349          bin_count/clkDiv/counter_18
    ----------------------------------------
    Total                      2.769ns (1.388ns logic, 1.380ns route)
                                       (50.1% logic, 49.9% route)

=========================================================================
Timing constraint: Default period analysis for Clock 'bin_count/clkDiv/clock_out'
  Clock period: 1.059ns (frequency: 943.842MHz)
  Total number of paths / destination ports: 10 / 4
-------------------------------------------------------------------------
Delay:               1.059ns (Levels of Logic = 1)
  Source:            bin_count/cntr/counter_0 (FF)
  Destination:       bin_count/cntr/counter_0 (FF)
  Source Clock:      bin_count/clkDiv/clock_out rising
  Destination Clock: bin_count/clkDiv/clock_out rising

  Data Path: bin_count/cntr/counter_0 to bin_count/cntr/counter_0
                                Gate     Net
    Cell:in->out      fanout   Delay   Delay  Logical Name (Net Name)
    ----------------------------------------  ------------
     FDC:C->Q              5   0.361   0.298  bin_count/cntr/counter_0 (bin_count/cntr/counter_0)
     INV:I->O              1   0.113   0.279  bin_count/cntr/Mcount_counter_xor<0>11_INV_0 (Result<0>)
     FDC:D                     0.008          bin_count/cntr/counter_0
    ----------------------------------------
    Total                      1.059ns (0.482ns logic, 0.577ns route)
                                       (45.5% logic, 54.5% route)

=========================================================================
Timing constraint: Default OFFSET IN BEFORE for Clock 'clk'
  Total number of paths / destination ports: 8 / 8
-------------------------------------------------------------------------
Offset:              0.652ns (Levels of Logic = 1)
  Source:            rst (PAD)
  Destination:       rstn_reg (FF)
  Destination Clock: clk rising

  Data Path: rst to rstn_reg
                                Gate     Net
    Cell:in->out      fanout   Delay   Delay  Logical Name (Net Name)
    ----------------------------------------  ------------
     IBUF:I->O             6   0.001   0.302  rst_IBUF (rst_IBUF)
     FDR:R                     0.349          rstn_reg
    ----------------------------------------
    Total                      0.652ns (0.350ns logic, 0.302ns route)
                                       (53.6% logic, 46.4% route)

=========================================================================
Timing constraint: Default OFFSET OUT AFTER for Clock 'clk'
  Total number of paths / destination ports: 4 / 4
-------------------------------------------------------------------------
Offset:              0.640ns (Levels of Logic = 1)
  Source:            counter_3 (FF)
  Destination:       counter<3> (PAD)
  Source Clock:      clk rising

  Data Path: counter_3 to counter<3>
                                Gate     Net
    Cell:in->out      fanout   Delay   Delay  Logical Name (Net Name)
    ----------------------------------------  ------------
     FDR:C->Q              1   0.361   0.279  counter_3 (counter_3)
     OBUF:I->O                 0.000          counter_3_OBUF (counter<3>)
    ----------------------------------------
    Total                      0.640ns (0.361ns logic, 0.279ns route)
                                       (56.4% logic, 43.6% route)

=========================================================================

Cross Clock Domains Report:
--------------------------

Clock to Setup on destination clock bin_count/clkDiv/clock_out
--------------------------+---------+---------+---------+---------+
                          | Src:Rise| Src:Fall| Src:Rise| Src:Fall|
Source Clock              |Dest:Rise|Dest:Rise|Dest:Fall|Dest:Fall|
--------------------------+---------+---------+---------+---------+
bin_count/clkDiv/clock_out|    1.059|         |         |         |
clk                       |    1.396|         |         |         |
--------------------------+---------+---------+---------+---------+

Clock to Setup on destination clock clk
--------------------------+---------+---------+---------+---------+
                          | Src:Rise| Src:Fall| Src:Rise| Src:Fall|
Source Clock              |Dest:Rise|Dest:Rise|Dest:Fall|Dest:Fall|
--------------------------+---------+---------+---------+---------+
bin_count/clkDiv/clock_out|    0.667|         |         |         |
--------------------------+---------+---------+---------+---------+

Clock to Setup on destination clock clk_reg
---------------+---------+---------+---------+---------+
               | Src:Rise| Src:Fall| Src:Rise| Src:Fall|
Source Clock   |Dest:Rise|Dest:Rise|Dest:Fall|Dest:Fall|
---------------+---------+---------+---------+---------+
clk_reg        |    2.769|         |         |         |
---------------+---------+---------+---------+---------+

=========================================================================


Total REAL time to Xst completion: 8.00 secs
Total CPU time to Xst completion: 8.42 secs
 
--> 

Total memory usage is 4682288 kilobytes

Number of errors   :    0 (   0 filtered)
Number of warnings :    0 (   0 filtered)
Number of infos    :    1 (   0 filtered)

