Running: C:\Xilinx\14.7\ISE_DS\ISE\bin\nt64\unwrapped\fuse.exe -intstyle ise -incremental -lib unisims_ver -lib unimacro_ver -lib xilinxcorelib_ver -lib secureip -o C:/Users/akabh/assgn_5/Behavorial_Wrapper_TestBench_isim_beh.exe -prj C:/Users/akabh/assgn_5/Behavorial_Wrapper_TestBench_beh.prj work.Behavorial_Wrapper_TestBench work.glbl 
ISim P.20131013 (signature 0x7708f090)
Number of CPUs detected in this system: 8
Turning on mult-threading, number of parallel sub-compilation jobs: 16 
Determining compilation order of HDL files
Analyzing Verilog file "C:/Users/akabh/assgn_5/Counter_4_bit_behavorial.v" into library work
Analyzing Verilog file "C:/Users/akabh/assgn_5/Clock_divider.v" into library work
Analyzing Verilog file "C:/Users/akabh/assgn_5/Behavorial_Wrapper.v" into library work
Analyzing Verilog file "C:/Users/akabh/assgn_5/Behavorial_Wrapper_TestBench.v" into library work
Analyzing Verilog file "C:/Xilinx/14.7/ISE_DS/ISE//verilog/src/glbl.v" into library work
Starting static elaboration
Completed static elaboration
Compiling module Clock_divider
Compiling module Counter_4_bit_behavorial
Compiling module Behavorial_Wrapper
Compiling module Behavorial_Wrapper_TestBench
Compiling module glbl
Time Resolution for simulation is 1ps.
Waiting for 1 sub-compilation(s) to finish...
Compiled 5 Verilog Units
Built simulation executable C:/Users/akabh/assgn_5/Behavorial_Wrapper_TestBench_isim_beh.exe
Fuse Memory Usage: 28632 KB
Fuse CPU Usage: 327 ms
